This is pdfTeX, Version 3.141592653-2.6-1.40.25 (MiKTeX 23.5) (preloaded format=pdflatex 2023.5.25)  17 JUN 2024 08:55
entering extended mode
 restricted \write18 enabled.
 %&-line parsing enabled.
**./Title.tex
(Title.tex
LaTeX2e <2022-11-01> patch level 1
L3 programming layer <2023-05-15>

! LaTeX Error: Environment titlepage undefined.

See the LaTeX manual or LaTeX Companion for explanation.
Type  H <return>  for immediate help.
 ...                                              
                                                  
l.1 \begin{titlepage}
                     
Your command was ignored.
Type  I <command> <return>  to replace it with another command,
or  <return>  to continue without it.


! LaTeX Error: Missing \begin{document}.

See the LaTeX manual or LaTeX Companion for explanation.
Type  H <return>  for immediate help.
 ...                                              
                                                  
l.5 ...ªçc Qu·ªëc gia Th√†nh ph·ªë H·ªì Ch√≠ Minh}
                                                  \\[0.5cm]
You're in trouble here.  Try typing  <return>  to proceed.
If that doesn't work, type  X <return>  to quit.

! Undefined control sequence.
<recently read> \Large 
                       
l.5 ...ªçc Qu·ªëc gia Th√†nh ph·ªë H·ªì Ch√≠ Minh}
                                                  \\[0.5cm]
The control sequence at the end of the top line
of your error message was never \def'ed. If you have
misspelled it (e.g., `\hobx'), type `I' and the correct
spelling (e.g., `I\hbox'). Otherwise just continue,
and I'll forget about whatever was undefined.


! LaTeX Error: Command \DJ unavailable in encoding OT1.

See the LaTeX manual or LaTeX Companion for explanation.
Type  H <return>  for immediate help.
 ...                                              
                                                  
l.5 ...ªçc Qu·ªëc gia Th√†nh ph·ªë H·ªì Ch√≠ Minh}
                                                  \\[0.5cm]
Your command was ignored.
Type  I <command> <return>  to replace it with another command,
or  <return>  to continue without it.


! LaTeX Error: Unicode character ·∫° (U+1EA1)
               not set up for use with LaTeX.

See the LaTeX manual or LaTeX Companion for explanation.
Type  H <return>  for immediate help.
 ...                                              
                                                  
l.5 ...ªçc Qu·ªëc gia Th√†nh ph·ªë H·ªì Ch√≠ Minh}
                                                  \\[0.5cm]
You may provide a definition with
\DeclareUnicodeCharacter 


! LaTeX Error: Unicode character ·ªç (U+1ECD)
               not set up for use with LaTeX.

See the LaTeX manual or LaTeX Companion for explanation.
Type  H <return>  for immediate help.
 ...                                              
                                                  
l.5 ...ªçc Qu·ªëc gia Th√†nh ph·ªë H·ªì Ch√≠ Minh}
                                                  \\[0.5cm]
You may provide a definition with
\DeclareUnicodeCharacter 


! LaTeX Error: Unicode character ·ªë (U+1ED1)
               not set up for use with LaTeX.

See the LaTeX manual or LaTeX Companion for explanation.
Type  H <return>  for immediate help.
 ...                                              
                                                  
l.5 ...ªçc Qu·ªëc gia Th√†nh ph·ªë H·ªì Ch√≠ Minh}
                                                  \\[0.5cm]
You may provide a definition with
\DeclareUnicodeCharacter 


! LaTeX Error: Unicode character ·ªë (U+1ED1)
               not set up for use with LaTeX.

See the LaTeX manual or LaTeX Companion for explanation.
Type  H <return>  for immediate help.
 ...                                              
                                                  
l.5 ...ªçc Qu·ªëc gia Th√†nh ph·ªë H·ªì Ch√≠ Minh}
                                                  \\[0.5cm]
You may provide a definition with
\DeclareUnicodeCharacter 


! LaTeX Error: Unicode character ·ªì (U+1ED3)
               not set up for use with LaTeX.

See the LaTeX manual or LaTeX Companion for explanation.
Type  H <return>  for immediate help.
 ...                                              
                                                  
l.5 ...ªçc Qu·ªëc gia Th√†nh ph·ªë H·ªì Ch√≠ Minh}
                                                  \\[0.5cm]
You may provide a definition with
\DeclareUnicodeCharacter 


Overfull \hbox (3.0222pt too wide) in paragraph at lines 5--5
 []\OT1/cmr/m/sc/10 i 
 []


Overfull \hbox (12.04439pt too wide) in paragraph at lines 5--5
 \OT1/cmr/m/sc/10 hc 
 []


Overfull \hbox (20.48875pt too wide) in paragraph at lines 5--5
 \OT1/cmr/m/sc/10 Quc 
 []


Overfull \hbox (15.56659pt too wide) in paragraph at lines 5--5
 \OT1/cmr/m/sc/10 gia 
 []


Overfull \hbox (32.3943pt too wide) in paragraph at lines 5--5
 \OT1/cmr/m/sc/10 Th[]anh 
 []


Overfull \hbox (11.71106pt too wide) in paragraph at lines 5--5
 \OT1/cmr/m/sc/10 ph 
 []


Overfull \hbox (8.13881pt too wide) in paragraph at lines 5--5
 \OT1/cmr/m/sc/10 H 
 []


Overfull \hbox (17.01656pt too wide) in paragraph at lines 5--5
 \OT1/cmr/m/sc/10 Ch[]^^P 
 []


Overfull \hbox (25.17761pt too wide) in paragraph at lines 5--5
 \OT1/cmr/m/sc/10 Minh 
 []


! LaTeX Error: Missing \begin{document}.

See the LaTeX manual or LaTeX Companion for explanation.
Type  H <return>  for immediate help.
 ...                                              
                                                  
l.6 ...\Large ƒê·∫°i h·ªçc Khoa h·ªçc T·ª± nhi√™n}
                                                  \\[0.5cm]
You're in trouble here.  Try typing  <return>  to proceed.
If that doesn't work, type  X <return>  to quit.

! Undefined control sequence.
<recently read> \Large 
                       
l.6 ...\Large ƒê·∫°i h·ªçc Khoa h·ªçc T·ª± nhi√™n}
                                                  \\[0.5cm]
The control sequence at the end of the top line
of your error message was never \def'ed. If you have
misspelled it (e.g., `\hobx'), type `I' and the correct
spelling (e.g., `I\hbox'). Otherwise just continue,
and I'll forget about whatever was undefined.


! LaTeX Error: Command \DJ unavailable in encoding OT1.

See the LaTeX manual or LaTeX Companion for explanation.
Type  H <return>  for immediate help.
 ...                                              
                                                  
l.6 ...\Large ƒê·∫°i h·ªçc Khoa h·ªçc T·ª± nhi√™n}
                                                  \\[0.5cm]
Your command was ignored.
Type  I <command> <return>  to replace it with another command,
or  <return>  to continue without it.


! LaTeX Error: Unicode character ·∫° (U+1EA1)
               not set up for use with LaTeX.

See the LaTeX manual or LaTeX Companion for explanation.
Type  H <return>  for immediate help.
 ...                                              
                                                  
l.6 ...\Large ƒê·∫°i h·ªçc Khoa h·ªçc T·ª± nhi√™n}
                                                  \\[0.5cm]
You may provide a definition with
\DeclareUnicodeCharacter 


! LaTeX Error: Unicode character ·ªç (U+1ECD)
               not set up for use with LaTeX.

See the LaTeX manual or LaTeX Companion for explanation.
Type  H <return>  for immediate help.
 ...                                              
                                                  
l.6 ...\Large ƒê·∫°i h·ªçc Khoa h·ªçc T·ª± nhi√™n}
                                                  \\[0.5cm]
You may provide a definition with
\DeclareUnicodeCharacter 


! LaTeX Error: Unicode character ·ªç (U+1ECD)
               not set up for use with LaTeX.

See the LaTeX manual or LaTeX Companion for explanation.
Type  H <return>  for immediate help.
 ...                                              
                                                  
l.6 ...\Large ƒê·∫°i h·ªçc Khoa h·ªçc T·ª± nhi√™n}
                                                  \\[0.5cm]
You may provide a definition with
\DeclareUnicodeCharacter 


! LaTeX Error: Unicode character ·ª± (U+1EF1)
               not set up for use with LaTeX.

See the LaTeX manual or LaTeX Companion for explanation.
Type  H <return>  for immediate help.
 ...                                              
                                                  
l.6 ...\Large ƒê·∫°i h·ªçc Khoa h·ªçc T·ª± nhi√™n}
                                                  \\[0.5cm]
You may provide a definition with
\DeclareUnicodeCharacter 


Overfull \hbox (3.0222pt too wide) in paragraph at lines 6--6
 []\OT1/cmr/m/sc/10 i 
 []


Overfull \hbox (12.04439pt too wide) in paragraph at lines 6--6
 \OT1/cmr/m/sc/10 hc 
 []


Overfull \hbox (26.83041pt too wide) in paragraph at lines 6--6
 \OT1/cmr/m/sc/10 Khoa 
 []


Overfull \hbox (12.04439pt too wide) in paragraph at lines 6--6
 \OT1/cmr/m/sc/10 hc 
 []


Overfull \hbox (7.86104pt too wide) in paragraph at lines 6--6
 \OT1/cmr/m/sc/10 T 
 []


Overfull \hbox (26.9999pt too wide) in paragraph at lines 6--6
 \OT1/cmr/m/sc/10 nhi[]en 
 []


! LaTeX Error: Missing \begin{document}.

See the LaTeX manual or LaTeX Companion for explanation.
Type  H <return>  for immediate help.
 ...                                              
                                                  
l.7 	\textsc{\large Khoa C√¥ng Ngh·ªá Th√¥ng Tin}
                                                 \\[0.5cm]
You're in trouble here.  Try typing  <return>  to proceed.
If that doesn't work, type  X <return>  to quit.

! Undefined control sequence.
<recently read> \large 
                       
l.7 	\textsc{\large Khoa C√¥ng Ngh·ªá Th√¥ng Tin}
                                                 \\[0.5cm]
The control sequence at the end of the top line
of your error message was never \def'ed. If you have
misspelled it (e.g., `\hobx'), type `I' and the correct
spelling (e.g., `I\hbox'). Otherwise just continue,
and I'll forget about whatever was undefined.


! LaTeX Error: Unicode character ·ªá (U+1EC7)
               not set up for use with LaTeX.

See the LaTeX manual or LaTeX Companion for explanation.
Type  H <return>  for immediate help.
 ...                                              
                                                  
l.7 	\textsc{\large Khoa C√¥ng Ngh·ªá Th√¥ng Tin}
                                                 \\[0.5cm]
You may provide a definition with
\DeclareUnicodeCharacter 


Overfull \hbox (26.83041pt too wide) in paragraph at lines 7--7
 []\OT1/cmr/m/sc/10 Khoa 
 []


Overfull \hbox (26.76096pt too wide) in paragraph at lines 7--7
 \OT1/cmr/m/sc/10 C[]ong 
 []


Overfull \hbox (20.6832pt too wide) in paragraph at lines 7--7
 \OT1/cmr/m/sc/10 Ngh 
 []


Overfull \hbox (32.89427pt too wide) in paragraph at lines 7--7
 \OT1/cmr/m/sc/10 Th[]ong 
 []


Overfull \hbox (17.01656pt too wide) in paragraph at lines 7--7
 \OT1/cmr/m/sc/10 Tin 
 []

! Undefined control sequence.
l.9 	\includegraphics
                     [scale=0.3]{Images/hcmus-logo.png}\\[0cm]
The control sequence at the end of the top line
of your error message was never \def'ed. If you have
misspelled it (e.g., `\hobx'), type `I' and the correct
spelling (e.g., `I\hbox'). Otherwise just continue,
and I'll forget about whatever was undefined.


! LaTeX Error: Missing \begin{document}.

See the LaTeX manual or LaTeX Companion for explanation.
Type  H <return>  for immediate help.
 ...                                              
                                                  
l.9 	\includegraphics[
                      scale=0.3]{Images/hcmus-logo.png}\\[0cm]
You're in trouble here.  Try typing  <return>  to proceed.
If that doesn't work, type  X <return>  to quit.

Missing character: There is no [ in font nullfont!
Missing character: There is no s in font nullfont!
Missing character: There is no c in font nullfont!
Missing character: There is no a in font nullfont!
Missing character: There is no l in font nullfont!
Missing character: There is no e in font nullfont!
Missing character: There is no = in font nullfont!
Missing character: There is no 0 in font nullfont!
Missing character: There is no . in font nullfont!
Missing character: There is no 3 in font nullfont!
Missing character: There is no ] in font nullfont!
Missing character: There is no I in font nullfont!
Missing character: There is no m in font nullfont!
Missing character: There is no a in font nullfont!
Missing character: There is no g in font nullfont!
Missing character: There is no e in font nullfont!
Missing character: There is no s in font nullfont!
Missing character: There is no / in font nullfont!
Missing character: There is no h in font nullfont!
Missing character: There is no c in font nullfont!
Missing character: There is no m in font nullfont!
Missing character: There is no u in font nullfont!
Missing character: There is no s in font nullfont!
Missing character: There is no - in font nullfont!
Missing character: There is no l in font nullfont!
Missing character: There is no o in font nullfont!
Missing character: There is no g in font nullfont!
Missing character: There is no o in font nullfont!
Missing character: There is no . in font nullfont!
Missing character: There is no p in font nullfont!
Missing character: There is no n in font nullfont!
Missing character: There is no g in font nullfont!

! LaTeX Error: Missing \begin{document}.

See the LaTeX manual or LaTeX Companion for explanation.
Type  H <return>  for immediate help.
 ...                                              
                                                  
l.11 	\HRule
             \\[0.4cm]
You're in trouble here.  Try typing  <return>  to proceed.
If that doesn't work, type  X <return>  to quit.

! Undefined control sequence.
l.13 		\huge
            {\bfseries{\reporttitle}}\\[0.5cm]
The control sequence at the end of the top line
of your error message was never \def'ed. If you have
misspelled it (e.g., `\hobx'), type `I' and the correct
spelling (e.g., `I\hbox'). Otherwise just continue,
and I'll forget about whatever was undefined.

! Undefined control sequence.
l.13 		\huge{\bfseries{\reporttitle
                                   }}\\[0.5cm]
The control sequence at the end of the top line
of your error message was never \def'ed. If you have
misspelled it (e.g., `\hobx'), type `I' and the correct
spelling (e.g., `I\hbox'). Otherwise just continue,
and I'll forget about whatever was undefined.


! LaTeX Error: There's no line here to end.

See the LaTeX manual or LaTeX Companion for explanation.
Type  H <return>  for immediate help.
 ...                                              
                                                  
l.13 		\huge{\bfseries{\reporttitle}}\\
                                       [0.5cm]
Your command was ignored.
Type  I <command> <return>  to replace it with another command,
or  <return>  to continue without it.

! Undefined control sequence.
l.14 		\large
             {\bfseries{Lab: \reportname}}
The control sequence at the end of the top line
of your error message was never \def'ed. If you have
misspelled it (e.g., `\hobx'), type `I' and the correct
spelling (e.g., `I\hbox'). Otherwise just continue,
and I'll forget about whatever was undefined.


! LaTeX Error: Missing \begin{document}.

See the LaTeX manual or LaTeX Companion for explanation.
Type  H <return>  for immediate help.
 ...                                              
                                                  
l.14 		\large{\bfseries{L
                         ab: \reportname}}
You're in trouble here.  Try typing  <return>  to proceed.
If that doesn't work, type  X <return>  to quit.

! Undefined control sequence.
l.14 		\large{\bfseries{Lab: \reportname
                                        }}
The control sequence at the end of the top line
of your error message was never \def'ed. If you have
misspelled it (e.g., `\hobx'), type `I' and the correct
spelling (e.g., `I\hbox'). Otherwise just continue,
and I'll forget about whatever was undefined.


Overfull \hbox (22.09013pt too wide) in paragraph at lines 14--15
 []\OT1/cmr/bx/n/10 Lab: 
 []


! LaTeX Error: Missing \begin{document}.

See the LaTeX manual or LaTeX Companion for explanation.
Type  H <return>  for immediate help.
 ...                                              
                                                  
l.16 	\HRule
             \\[0.5cm]
You're in trouble here.  Try typing  <return>  to proceed.
If that doesn't work, type  X <return>  to quit.


! LaTeX Error: Missing \begin{document}.

See the LaTeX manual or LaTeX Companion for explanation.
Type  H <return>  for immediate help.
 ...                                              
                                                  
l.18 	\textbf{\large M√¥n h·ªçc: \coursename}
                                             \\[0.5cm]
You're in trouble here.  Try typing  <return>  to proceed.
If that doesn't work, type  X <return>  to quit.

! Undefined control sequence.
<recently read> \large 
                       
l.18 	\textbf{\large M√¥n h·ªçc: \coursename}
                                             \\[0.5cm]
The control sequence at the end of the top line
of your error message was never \def'ed. If you have
misspelled it (e.g., `\hobx'), type `I' and the correct
spelling (e.g., `I\hbox'). Otherwise just continue,
and I'll forget about whatever was undefined.


! LaTeX Error: Unicode character ·ªç (U+1ECD)
               not set up for use with LaTeX.

See the LaTeX manual or LaTeX Companion for explanation.
Type  H <return>  for immediate help.
 ...                                              
                                                  
l.18 	\textbf{\large M√¥n h·ªçc: \coursename}
                                             \\[0.5cm]
You may provide a definition with
\DeclareUnicodeCharacter 

! Undefined control sequence.
<argument> \large M√¥n h·ªçc: \coursename 
                                          
l.18 	\textbf{\large M√¥n h·ªçc: \coursename}
                                             \\[0.5cm]
The control sequence at the end of the top line
of your error message was never \def'ed. If you have
misspelled it (e.g., `\hobx'), type `I' and the correct
spelling (e.g., `I\hbox'). Otherwise just continue,
and I'll forget about whatever was undefined.


Overfull \hbox (23.05544pt too wide) in paragraph at lines 18--18
 []\OT1/cmr/bx/n/10 M^on 
 []


Overfull \hbox (14.69437pt too wide) in paragraph at lines 18--18
 \OT1/cmr/bx/n/10 hc: 
 []


! LaTeX Error: Missing \begin{document}.

See the LaTeX manual or LaTeX Companion for explanation.
Type  H <return>  for immediate help.
 ...                                              
                                                  
l.20 	\begin{minipage}[t]{0.5\textwidth}
                                        
You're in trouble here.  Try typing  <return>  to proceed.
If that doesn't work, type  X <return>  to quit.

! Undefined control sequence.
l.21 		\begin{flushleft} \large
                               
The control sequence at the end of the top line
of your error message was never \def'ed. If you have
misspelled it (e.g., `\hobx'), type `I' and the correct
spelling (e.g., `I\hbox'). Otherwise just continue,
and I'll forget about whatever was undefined.


! LaTeX Error: Unicode character ∆∞ (U+01B0)
               not set up for use with LaTeX.

See the LaTeX manual or LaTeX Companion for explanation.
Type  H <return>  for immediate help.
 ...                                              
                                                  
l.22 			\emph{Ng∆∞·ªùi th·ª±c hi·ªán:}
                                      \\
You may provide a definition with
\DeclareUnicodeCharacter 


! LaTeX Error: Unicode character ·ªù (U+1EDD)
               not set up for use with LaTeX.

See the LaTeX manual or LaTeX Companion for explanation.
Type  H <return>  for immediate help.
 ...                                              
                                                  
l.22 			\emph{Ng∆∞·ªùi th·ª±c hi·ªán:}
                                      \\
You may provide a definition with
\DeclareUnicodeCharacter 


! LaTeX Error: Unicode character ·ª± (U+1EF1)
               not set up for use with LaTeX.

See the LaTeX manual or LaTeX Companion for explanation.
Type  H <return>  for immediate help.
 ...                                              
                                                  
l.22 			\emph{Ng∆∞·ªùi th·ª±c hi·ªán:}
                                      \\
You may provide a definition with
\DeclareUnicodeCharacter 


! LaTeX Error: Unicode character ·ªá (U+1EC7)
               not set up for use with LaTeX.

See the LaTeX manual or LaTeX Companion for explanation.
Type  H <return>  for immediate help.
 ...                                              
                                                  
l.22 			\emph{Ng∆∞·ªùi th·ª±c hi·ªán:}
                                      \\
You may provide a definition with
\DeclareUnicodeCharacter 

! Undefined control sequence.
<recently read> \studentname 
                             
l.23 			\studentname
                    
The control sequence at the end of the top line
of your error message was never \def'ed. If you have
misspelled it (e.g., `\hobx'), type `I' and the correct
spelling (e.g., `I\hbox'). Otherwise just continue,
and I'll forget about whatever was undefined.

! Undefined control sequence.
l.28 		\begin{flushright} \large
                                
The control sequence at the end of the top line
of your error message was never \def'ed. If you have
misspelled it (e.g., `\hobx'), type `I' and the correct
spelling (e.g., `I\hbox'). Otherwise just continue,
and I'll forget about whatever was undefined.


! LaTeX Error: Unicode character ·∫£ (U+1EA3)
               not set up for use with LaTeX.

See the LaTeX manual or LaTeX Companion for explanation.
Type  H <return>  for immediate help.
 ...                                              
                                                  
l.29 			\emph{Gi·∫£ng vi√™n:}
                              \\
You may provide a definition with
\DeclareUnicodeCharacter 

! Undefined control sequence.
<recently read> \teachername 
                             
l.30 			\teachername
                    
The control sequence at the end of the top line
of your error message was never \def'ed. If you have
misspelled it (e.g., `\hobx'), type `I' and the correct
spelling (e.g., `I\hbox'). Otherwise just continue,
and I'll forget about whatever was undefined.


Overfull \hbox (4095.99998pt too wide) in paragraph at lines 20--32
 [][] 
 []


Overfull \hbox (3276.74998pt too wide) in paragraph at lines 20--32
 [] 
 []

! Undefined control sequence.
l.34 	{\large
              \today}\\[2cm]
The control sequence at the end of the top line
of your error message was never \def'ed. If you have
misspelled it (e.g., `\hobx'), type `I' and the correct
spelling (e.g., `I\hbox'). Otherwise just continue,
and I'll forget about whatever was undefined.

! Undefined control sequence.
l.34 	{\large \today
                    }\\[2cm]
The control sequence at the end of the top line
of your error message was never \def'ed. If you have
misspelled it (e.g., `\hobx'), type `I' and the correct
spelling (e.g., `I\hbox'). Otherwise just continue,
and I'll forget about whatever was undefined.


! LaTeX Error: There's no line here to end.

See the LaTeX manual or LaTeX Companion for explanation.
Type  H <return>  for immediate help.
 ...                                              
                                                  
l.34 	{\large \today}\\
                       [2cm]
Your command was ignored.
Type  I <command> <return>  to replace it with another command,
or  <return>  to continue without it.


! LaTeX Error: \begin{document} ended by \end{titlepage}.

See the LaTeX manual or LaTeX Companion for explanation.
Type  H <return>  for immediate help.
 ...                                              
                                                  
l.36 \end{titlepage}
                    
Your command was ignored.
Type  I <command> <return>  to replace it with another command,
or  <return>  to continue without it.

)
! Emergency stop.
<*> ./Title.tex
               
*** (job aborted, no legal \end found)

 
Here is how much of TeX's memory you used:
 45 strings out of 476410
 738 string characters out of 5788169
 1851845 words of memory out of 5000000
 20503 multiletter control sequences out of 15000+600000
 513242 words of font info for 35 fonts, out of 8000000 for 9000
 1141 hyphenation exceptions out of 8191
 14i,3n,12p,121b,201s stack positions out of 10000i,1000n,20000p,200000b,200000s
!  ==> Fatal error occurred, no output PDF file produced!
